<?xml version="1.0" encoding="UTF-8"?>
<testsuite xmlns:xsi="http://www.w3.org/2001/XMLSchema-instance" xsi:noNamespaceSchemaLocation="https://maven.apache.org/surefire/maven-surefire-plugin/xsd/surefire-test-report.xsd" name="firstmaven.PalindromeTest" time="0.028" tests="8" errors="0" skipped="0" failures="0">
  <properties>
[...]
</properties>
  <testcase name="testSimplePalindromes" classname="firstmaven.PalindromeTest" time="0.002"/>
  <testcase name="testOnlySpaces" classname="firstmaven.PalindromeTest" time="0.002"/>
  <testcase name="testWithSpecialCharacters" classname="firstmaven.PalindromeTest" time="0"/>
  <testcase name="testCaseInsensitive" classname="firstmaven.PalindromeTest" time="0"/>
  <testcase name="testEmptyString" classname="firstmaven.PalindromeTest" time="0"/>
  <testcase name="testNonPalindromes" classname="firstmaven.PalindromeTest" time="0"/>
  <testcase name="testWithSpaces" classname="firstmaven.PalindromeTest" time="0"/>
  <testcase name="testNullInput" classname="firstmaven.PalindromeTest" time="0"/>
</testsuite>